0 info it worked if it ends with ok
1 verbose cli [ 'D:\\Program Files\\Node.js\\node.exe',
1 verbose cli   'D:\\Program Files\\Node.js\\node_modules\\npm\\bin\\npm-cli.js',
1 verbose cli   'run',
1 verbose cli   'protractor' ]
2 info using npm@4.1.2
3 info using node@v7.7.3
4 verbose run-script [ 'preprotractor', 'protractor', 'postprotractor' ]
5 info lifecycle my-angular-phone-catalog@0.0.0~preprotractor: my-angular-phone-catalog@0.0.0
6 verbose lifecycle my-angular-phone-catalog@0.0.0~preprotractor: unsafe-perm in lifecycle true
7 verbose lifecycle my-angular-phone-catalog@0.0.0~preprotractor: PATH: D:\Program Files\Node.js\node_modules\npm\bin\node-gyp-bin;C:\Users\Admin\Desktop\Web-Development\Client-Side\Angular\my-angular-phone-catalog\node_modules\.bin;C:\Users\Admin\bin;D:\MAHWEVIM\Web-Development\Git\mingw64\bin;D:\MAHWEVIM\Web-Development\Git\usr\local\bin;D:\MAHWEVIM\Web-Development\Git\usr\bin;D:\MAHWEVIM\Web-Development\Git\usr\bin;D:\MAHWEVIM\Web-Development\Git\mingw64\bin;D:\MAHWEVIM\Web-Development\Git\usr\bin;C:\Users\Admin\bin;C:\ProgramData\Oracle\Java\javapath;C:\Program Files (x86)\Intel\iCLS Client;C:\Program Files\Intel\iCLS Client;C:\Windows\system32;C:\Windows;C:\Windows\System32\Wbem;C:\Program Files (x86)\Microsoft SQL Server\100\Tools\Binn;C:\Program Files\Microsoft SQL Server\100\Tools\Binn;C:\Program Files\Microsoft SQL Server\100\DTS\Binn;C:\Program Files (x86)\Intel\OpenCL SDK\2.0\bin\x86;C:\Program Files (x86)\Intel\OpenCL SDK\2.0\bin\x64;C:\Program Files\Intel\Intel(R) Management Engine Components\DAL;C:\Program Files (x86)\Intel\Intel(R) Management Engine Components\DAL;C:\Program Files\Intel\Intel(R) Management Engine Components\IPT;C:\Program Files (x86)\Intel\Intel(R) Management Engine Components\IPT;D:\MAHWEVIM\Web Development\Git\cmd;C:\Users\Admin\AppData\Roaming;C:\Windows\System32\WindowsPowerShell\v1.0;C:\ProgramData\chocolatey\bin;D:\MAHWEVIM\Web-Development\Git\cmd;D:\Program Files\Node.js;C:\ProgramData\Chocolatey;C:\Users\Admin\AppData\Roaming\npm;D:\MAHWEVIM\Web-Development\Git\usr\bin\vendor_perl;D:\MAHWEVIM\Web-Development\Git\usr\bin\core_perl
8 verbose lifecycle my-angular-phone-catalog@0.0.0~preprotractor: CWD: C:\Users\Admin\Desktop\Web-Development\Client-Side\Angular\my-angular-phone-catalog
9 silly lifecycle my-angular-phone-catalog@0.0.0~preprotractor: Args: [ '/d /s /c', 'npm run update-webdriver' ]
10 silly lifecycle my-angular-phone-catalog@0.0.0~preprotractor: Returned: code: 0  signal: null
11 info lifecycle my-angular-phone-catalog@0.0.0~protractor: my-angular-phone-catalog@0.0.0
12 verbose lifecycle my-angular-phone-catalog@0.0.0~protractor: unsafe-perm in lifecycle true
13 verbose lifecycle my-angular-phone-catalog@0.0.0~protractor: PATH: D:\Program Files\Node.js\node_modules\npm\bin\node-gyp-bin;C:\Users\Admin\Desktop\Web-Development\Client-Side\Angular\my-angular-phone-catalog\node_modules\.bin;C:\Users\Admin\bin;D:\MAHWEVIM\Web-Development\Git\mingw64\bin;D:\MAHWEVIM\Web-Development\Git\usr\local\bin;D:\MAHWEVIM\Web-Development\Git\usr\bin;D:\MAHWEVIM\Web-Development\Git\usr\bin;D:\MAHWEVIM\Web-Development\Git\mingw64\bin;D:\MAHWEVIM\Web-Development\Git\usr\bin;C:\Users\Admin\bin;C:\ProgramData\Oracle\Java\javapath;C:\Program Files (x86)\Intel\iCLS Client;C:\Program Files\Intel\iCLS Client;C:\Windows\system32;C:\Windows;C:\Windows\System32\Wbem;C:\Program Files (x86)\Microsoft SQL Server\100\Tools\Binn;C:\Program Files\Microsoft SQL Server\100\Tools\Binn;C:\Program Files\Microsoft SQL Server\100\DTS\Binn;C:\Program Files (x86)\Intel\OpenCL SDK\2.0\bin\x86;C:\Program Files (x86)\Intel\OpenCL SDK\2.0\bin\x64;C:\Program Files\Intel\Intel(R) Management Engine Components\DAL;C:\Program Files (x86)\Intel\Intel(R) Management Engine Components\DAL;C:\Program Files\Intel\Intel(R) Management Engine Components\IPT;C:\Program Files (x86)\Intel\Intel(R) Management Engine Components\IPT;D:\MAHWEVIM\Web Development\Git\cmd;C:\Users\Admin\AppData\Roaming;C:\Windows\System32\WindowsPowerShell\v1.0;C:\ProgramData\chocolatey\bin;D:\MAHWEVIM\Web-Development\Git\cmd;D:\Program Files\Node.js;C:\ProgramData\Chocolatey;C:\Users\Admin\AppData\Roaming\npm;D:\MAHWEVIM\Web-Development\Git\usr\bin\vendor_perl;D:\MAHWEVIM\Web-Development\Git\usr\bin\core_perl
14 verbose lifecycle my-angular-phone-catalog@0.0.0~protractor: CWD: C:\Users\Admin\Desktop\Web-Development\Client-Side\Angular\my-angular-phone-catalog
15 silly lifecycle my-angular-phone-catalog@0.0.0~protractor: Args: [ '/d /s /c', 'protractor e2e-tests/protractor.conf.js' ]
16 silly lifecycle my-angular-phone-catalog@0.0.0~protractor: Returned: code: 1  signal: null
17 info lifecycle my-angular-phone-catalog@0.0.0~protractor: Failed to exec protractor script
18 verbose stack Error: my-angular-phone-catalog@0.0.0 protractor: `protractor e2e-tests/protractor.conf.js`
18 verbose stack Exit status 1
18 verbose stack     at EventEmitter.<anonymous> (D:\Program Files\Node.js\node_modules\npm\lib\utils\lifecycle.js:279:16)
18 verbose stack     at emitTwo (events.js:106:13)
18 verbose stack     at EventEmitter.emit (events.js:194:7)
18 verbose stack     at ChildProcess.<anonymous> (D:\Program Files\Node.js\node_modules\npm\lib\utils\spawn.js:40:14)
18 verbose stack     at emitTwo (events.js:106:13)
18 verbose stack     at ChildProcess.emit (events.js:194:7)
18 verbose stack     at maybeClose (internal/child_process.js:899:16)
18 verbose stack     at Process.ChildProcess._handle.onexit (internal/child_process.js:226:5)
19 verbose pkgid my-angular-phone-catalog@0.0.0
20 verbose cwd C:\Users\Admin\Desktop\Web-Development\Client-Side\Angular\my-angular-phone-catalog
21 error Windows_NT 6.1.7601
22 error argv "D:\\Program Files\\Node.js\\node.exe" "D:\\Program Files\\Node.js\\node_modules\\npm\\bin\\npm-cli.js" "run" "protractor"
23 error node v7.7.3
24 error npm  v4.1.2
25 error code ELIFECYCLE
26 error my-angular-phone-catalog@0.0.0 protractor: `protractor e2e-tests/protractor.conf.js`
26 error Exit status 1
27 error Failed at the my-angular-phone-catalog@0.0.0 protractor script 'protractor e2e-tests/protractor.conf.js'.
27 error Make sure you have the latest version of node.js and npm installed.
27 error If you do, this is most likely a problem with the my-angular-phone-catalog package,
27 error not with npm itself.
27 error Tell the author that this fails on your system:
27 error     protractor e2e-tests/protractor.conf.js
27 error You can get information on how to open an issue for this project with:
27 error     npm bugs my-angular-phone-catalog
27 error Or if that isn't available, you can get their info via:
27 error     npm owner ls my-angular-phone-catalog
27 error There is likely additional logging output above.
28 verbose exit [ 1, true ]
